<?xml version="1.0" encoding="UTF-8"?>
<!-- Generated by org.testng.reporters.JUnitReportReporter -->
<testsuite hostname="DESKTOP-D6PQ2CA" failures="0" tests="3" name="org.automation.testcases.TC_002_RegisterAccount" time="17.988" errors="0" timestamp="2020-06-02T11:53:57 EDT" skipped="0">
  <testcase classname="org.automation.testcases.TC_002_RegisterAccount" name="RegisterNewAccount" time="5.923"/>
  <system-out/>
  <testcase classname="org.automation.testcases.TC_002_RegisterAccount" name="RegisterNewAccount" time="6.086"/>
  <system-out/>
  <testcase classname="org.automation.testcases.TC_002_RegisterAccount" name="RegisterNewAccount" time="5.979"/>
  <system-out/>
</testsuite> <!-- org.automation.testcases.TC_002_RegisterAccount -->
