<?xml version="1.0" encoding="UTF-8"?>
<!-- Generated by org.testng.reporters.JUnitReportReporter -->
<testsuite hostname="DESKTOP-D6PQ2CA" failures="0" tests="3" name="org.automation.testcases.TC_002_CreateNewAccount" time="35.761" errors="0" timestamp="2020-06-01T16:56:00 EDT" skipped="0">
  <testcase classname="org.automation.testcases.TC_002_CreateNewAccount" name="createNewAccount" time="13.671"/>
  <system-out/>
  <testcase classname="org.automation.testcases.TC_002_CreateNewAccount" name="createNewAccount" time="9.951"/>
  <system-out/>
  <testcase classname="org.automation.testcases.TC_002_CreateNewAccount" name="createNewAccount" time="12.139"/>
  <system-out/>
</testsuite> <!-- org.automation.testcases.TC_002_CreateNewAccount -->
