<?xml version="1.0" encoding="UTF-8"?>
<!-- Generated by org.testng.reporters.JUnitReportReporter -->
<testsuite hostname="DESKTOP-D6PQ2CA" failures="0" tests="2" name="org.automation.testcases.TC_001_ValidateLoginFunctionality" time="23.116" errors="0" timestamp="2020-06-02T11:53:57 EDT" skipped="0">
  <testcase classname="org.automation.testcases.TC_001_ValidateLoginFunctionality" name="LoginFunctionality" time="12.254"/>
  <system-out/>
  <testcase classname="org.automation.testcases.TC_001_ValidateLoginFunctionality" name="LoginFunctionality" time="10.862"/>
  <system-out>
<br>  <img src='C:\Users\Chandra\source\eclipse-workspace\DataDrivenAutomation\.\Screenshots\EnterDataFailedTueJun02115326EDT2020.png' height='100' width='100' /><br> <a href=.\Screenshots\EnterDataFailedTueJun02115326EDT2020.png></a>  </system-out>
</testsuite> <!-- org.automation.testcases.TC_001_ValidateLoginFunctionality -->
