<?xml version="1.0" encoding="UTF-8"?>
<!-- Generated by org.testng.reporters.JUnitReportReporter -->
<testsuite hostname="DESKTOP-D6PQ2CA" failures="0" tests="2" name="org.automation.testcases.TC_001_ValidateLoginFunctionality" time="14.396" errors="0" timestamp="2 Jun 2020 14:44:47 GMT">
  <testcase classname="org.automation.testcases.TC_001_ValidateLoginFunctionality" name="LoginFunctionality" time="8.023"/>
  <testcase classname="org.automation.testcases.TC_001_ValidateLoginFunctionality" name="LoginFunctionality" time="6.373"/>
</testsuite> <!-- org.automation.testcases.TC_001_ValidateLoginFunctionality -->
